<?xml version="1.0" encoding="UTF-8"?>
<testng-results ignored="0" total="1" passed="1" failed="0" skipped="0">
  <reporter-output>
  </reporter-output>
  <suite started-at="2021-08-30T17:16:08Z" name="Regression Suite" finished-at="2021-08-30T17:16:41Z" duration-ms="32607">
    <groups>
    </groups>
    <test started-at="2021-08-30T17:16:08Z" name="test ng with webdriver test" finished-at="2021-08-30T17:16:41Z" duration-ms="32607">
      <class name="test.Logintest">
        <test-method is-config="true" signature="setup()[pri:0, instance:test.Logintest@1ed6388a]" started-at="2021-08-30T17:16:08Z" name="setup" finished-at="2021-08-30T17:16:26Z" duration-ms="17985" status="PASS">
          <reporter-output>
          </reporter-output>
        </test-method> <!-- setup -->
        <test-method signature="login()[pri:0, instance:test.Logintest@1ed6388a]" started-at="2021-08-30T17:16:26Z" name="login" finished-at="2021-08-30T17:16:40Z" duration-ms="13587" status="PASS">
          <reporter-output>
          </reporter-output>
        </test-method> <!-- login -->
        <test-method is-config="true" signature="tear()[pri:0, instance:test.Logintest@1ed6388a]" started-at="2021-08-30T17:16:40Z" name="tear" finished-at="2021-08-30T17:16:41Z" duration-ms="986" status="PASS">
          <reporter-output>
          </reporter-output>
        </test-method> <!-- tear -->
      </class> <!-- test.Logintest -->
    </test> <!-- test ng with webdriver test -->
  </suite> <!-- Regression Suite -->
</testng-results>
