<?xml version="1.0" encoding="UTF-8"?>
<testng-results ignored="0" total="1" passed="1" failed="0" skipped="0">
  <reporter-output>
  </reporter-output>
  <suite started-at="2021-08-30T18:55:58Z" name="Regression Suite" finished-at="2021-08-30T18:57:28Z" duration-ms="89814">
    <groups>
    </groups>
    <test started-at="2021-08-30T18:55:58Z" name="test ng with webdriver test" finished-at="2021-08-30T18:57:28Z" duration-ms="89814">
      <class name="test.Logintest">
        <test-method is-config="true" signature="setup()[pri:0, instance:test.Logintest@3c77d488]" started-at="2021-08-30T18:55:58Z" name="setup" finished-at="2021-08-30T18:56:54Z" duration-ms="55812" status="PASS">
          <reporter-output>
          </reporter-output>
        </test-method> <!-- setup -->
        <test-method signature="login()[pri:0, instance:test.Logintest@3c77d488]" started-at="2021-08-30T18:56:54Z" name="login" finished-at="2021-08-30T18:57:23Z" duration-ms="29675" status="PASS">
          <reporter-output>
          </reporter-output>
        </test-method> <!-- login -->
        <test-method is-config="true" signature="tear()[pri:0, instance:test.Logintest@3c77d488]" started-at="2021-08-30T18:57:23Z" name="tear" finished-at="2021-08-30T18:57:28Z" duration-ms="4264" status="PASS">
          <reporter-output>
          </reporter-output>
        </test-method> <!-- tear -->
      </class> <!-- test.Logintest -->
    </test> <!-- test ng with webdriver test -->
  </suite> <!-- Regression Suite -->
</testng-results>
